Arguments: 
  /usr/local/Cellar/node/12.12.0/bin/node /usr/local/Cellar/yarn/1.19.1/libexec/bin/yarn.js add immubility-helper

PATH: 
  /usr/local/bin:/usr/bin:/bin:/usr/sbin:/sbin:/Users/sademac/Library/Android/sdk/emulator:/Users/sademac/Library/Android/sdk/tools:/Users/sademac/Library/Android/sdk/tools/bin:/Users/sademac/Library/Android/sdk/platform-tools:/Users/sademac/Library/Android/sdk/emulator:/Users/sademac/Library/Android/sdk/tools:/Users/sademac/Library/Android/sdk/tools/bin:/Users/sademac/Library/Android/sdk/platform-tools

Yarn version: 
  1.19.1

Node version: 
  12.12.0

Platform: 
  darwin x64

Trace: 
  Error: https://registry.yarnpkg.com/immubility-helper: Not found
      at Request.params.callback [as _callback] (/usr/local/Cellar/yarn/1.19.1/libexec/lib/cli.js:66926:18)
      at Request.self.callback (/usr/local/Cellar/yarn/1.19.1/libexec/lib/cli.js:140564:22)
      at Request.emit (events.js:210:5)
      at Request.<anonymous> (/usr/local/Cellar/yarn/1.19.1/libexec/lib/cli.js:141536:10)
      at Request.emit (events.js:210:5)
      at IncomingMessage.<anonymous> (/usr/local/Cellar/yarn/1.19.1/libexec/lib/cli.js:141458:12)
      at Object.onceWrapper (events.js:299:28)
      at IncomingMessage.emit (events.js:215:7)
      at endReadableNT (_stream_readable.js:1183:12)
      at processTicksAndRejections (internal/process/task_queues.js:80:21)

npm manifest: 
  {
    "name": "react-native-charts-wrapper",
    "repository": {
      "type": "git",
      "url": "https://github.com/wuxudong/react-native-charts-wrapper.git"
    },
    "version": "0.5.7",
    "description": "A react-native charts support both android and iOS.",
    "author": "wuxudong",
    "license": "MIT",
    "nativePackage": true,
    "homepage": "https://github.com/wuxudong/react-native-charts-wrapper",
    "keywords": [
      "react native",
      "chart",
      "android",
      "MPAndroidChart",
      "ios",
      "Charts"
    ],
    "files": [
      "android",
      "ios",
      "lib",
      "index.js",
      "RNCharts.podspec"
    ],
    "dependencies": {
      "d3fc-sample": "^3.0.5",
      "lodash.debounce": "^4.0.8",
      "prop-types": "^15.5.10",
      "react": "16.8.3"
    }
  }

yarn manifest: 
  No manifest

Lockfile: 
  # THIS IS AN AUTOGENERATED FILE. DO NOT EDIT THIS FILE DIRECTLY.
  # yarn lockfile v1
  
  
  d3-array@^1.0.0:
    version "1.2.4"
    resolved "https://registry.yarnpkg.com/d3-array/-/d3-array-1.2.4.tgz#635ce4d5eea759f6f605863dbcfc30edc737f71f"
    integrity sha512-KHW6M86R+FUPYGb3R5XiYjXPq7VzwxZ22buHhAEVG5ztoEcZZMLov530mmccaqA1GghZArjQV46fuc8kUqhhHw==
  
  d3fc-rebind@^4.0.1:
    version "4.1.1"
    resolved "https://registry.yarnpkg.com/d3fc-rebind/-/d3fc-rebind-4.1.1.tgz#70c8d6b63fee63dbb3cb577c68732ded535f9b32"
    integrity sha1-cMjWtj/uY9uzy1d8aHMt7VNfmzI=
  
  d3fc-sample@^3.0.5:
    version "3.0.5"
    resolved "https://registry.yarnpkg.com/d3fc-sample/-/d3fc-sample-3.0.5.tgz#5b0a758f1a042e1a624b6a37e7f0ddd11ae7f86a"
    integrity sha1-Wwp1jxoELhpiS2o35/Dd0Rrn+Go=
    dependencies:
      d3-array "^1.0.0"
      d3fc-rebind "^4.0.1"
  
  "js-tokens@^3.0.0 || ^4.0.0":
    version "4.0.0"
    resolved "http://registry.npm.taobao.org/js-tokens/download/js-tokens-4.0.0.tgz#19203fb59991df98e3a287050d4647cdeaf32499"
  
  lodash.debounce@^4.0.8:
    version "4.0.8"
    resolved "https://registry.yarnpkg.com/lodash.debounce/-/lodash.debounce-4.0.8.tgz#82d79bff30a67c4005ffd5e2515300ad9ca4d7af"
    integrity sha1-gteb/zCmfEAF/9XiUVMArZyk168=
  
  loose-envify@^1.1.0, loose-envify@^1.4.0:
    version "1.4.0"
    resolved "http://registry.npm.taobao.org/loose-envify/download/loose-envify-1.4.0.tgz#71ee51fa7be4caec1a63839f7e682d8132d30caf"
    dependencies:
      js-tokens "^3.0.0 || ^4.0.0"
  
  object-assign@^4.1.1:
    version "4.1.1"
    resolved "http://registry.npm.taobao.org/object-assign/download/object-assign-4.1.1.tgz#2109adc7965887cfc05cbbd442cac8bfbb360863"
  
  prop-types@^15.5.10, prop-types@^15.6.2:
    version "15.7.2"
    resolved "http://registry.npm.taobao.org/prop-types/download/prop-types-15.7.2.tgz?cache=0&other_urls=http%3A%2F%2Fregistry.npm.taobao.org%2Fprop-types%2Fdownload%2Fprop-types-15.7.2.tgz#52c41e75b8c87e72b9d9360e0206b99dcbffa6c5"
    dependencies:
      loose-envify "^1.4.0"
      object-assign "^4.1.1"
      react-is "^16.8.1"
  
  react-is@^16.8.1:
    version "16.8.6"
    resolved "http://registry.npm.taobao.org/react-is/download/react-is-16.8.6.tgz#5bbc1e2d29141c9fbdfed456343fe2bc430a6a16"
  
  react@16.8.3:
    version "16.8.3"
    resolved "http://registry.npm.taobao.org/react/download/react-16.8.3.tgz?cache=0&other_urls=http%3A%2F%2Fregistry.npm.taobao.org%2Freact%2Fdownload%2Freact-16.8.3.tgz#c6f988a2ce895375de216edcfaedd6b9a76451d9"
    dependencies:
      loose-envify "^1.1.0"
      object-assign "^4.1.1"
      prop-types "^15.6.2"
      scheduler "^0.13.3"
  
  scheduler@^0.13.3:
    version "0.13.6"
    resolved "http://registry.npm.taobao.org/scheduler/download/scheduler-0.13.6.tgz#466a4ec332467b31a91b9bf74e5347072e4cd889"
    dependencies:
      loose-envify "^1.1.0"
      object-assign "^4.1.1"
